GROUP,PACKAGE,CLASS,INSTRUCTION_MISSED,INSTRUCTION_COVERED,BRANCH_MISSED,BRANCH_COVERED,LINE_MISSED,LINE_COVERED,COMPLEXITY_MISSED,COMPLEXITY_COVERED,METHOD_MISSED,METHOD_COVERED
http,no.kristiania.pgr200.http.client,HttpResponse,0,68,0,0,0,15,0,6,0,6
http,no.kristiania.pgr200.http.client,HttpRequest,38,75,2,2,9,17,5,3,3,3
http,no.kristiania.pgr200.http.client,HttpIO,5,67,3,7,2,16,4,5,1,3
http,no.kristiania.pgr200.http.server,HttpEchoServer,243,0,4,0,68,0,11,0,9,0
http,no.kristiania.pgr200.http.server,HttpHeader,7,113,1,5,1,24,2,11,1,9
http,no.kristiania.pgr200.http.server,HttpQuery,47,131,4,8,12,29,5,12,3,8
http,no.kristiania.pgr200.http.server,HttpPath,3,83,0,4,1,15,1,9,1,7
