GROUP,PACKAGE,CLASS,INSTRUCTION_MISSED,INSTRUCTION_COVERED,BRANCH_MISSED,BRANCH_COVERED,LINE_MISSED,LINE_COVERED,COMPLEXITY_MISSED,COMPLEXITY_COVERED,METHOD_MISSED,METHOD_COVERED
commandline,no.kristiania.pgr200.commandline,ConferenceClientCommand,0,22,0,4,0,4,0,3,0,1
commandline,no.kristiania.pgr200.commandline,AddTalkCommand,0,34,0,0,0,11,0,5,0,5
commandline,no.kristiania.pgr200.commandline,ConferenceCommandlineClient,0,23,0,2,0,6,0,3,0,2
commandline,no.kristiania.pgr200.commandline,ListTalkCommand,0,14,0,0,0,5,0,3,0,3
