GROUP,PACKAGE,CLASS,INSTRUCTION_MISSED,INSTRUCTION_COVERED,BRANCH_MISSED,BRANCH_COVERED,LINE_MISSED,LINE_COVERED,COMPLEXITY_MISSED,COMPLEXITY_COVERED,METHOD_MISSED,METHOD_COVERED
commandline,no.kristiania.pgr200.commandline.commands,AddTalkCommand,0,43,0,0,0,14,0,8,0,8
commandline,no.kristiania.pgr200.commandline.commands,UpdateTalkCommand,34,0,0,0,11,0,5,0,5,0
commandline,no.kristiania.pgr200.commandline.commands,ShowTalkCommand,14,0,0,0,5,0,3,0,3,0
commandline,no.kristiania.pgr200.commandline.commands,DeleteTalkCommand,4,0,0,0,2,0,2,0,2,0
commandline,no.kristiania.pgr200.commandline.commands,ConferenceClientCommand,0,22,0,4,0,4,0,3,0,1
commandline,no.kristiania.pgr200.commandline.commands,ListTalkCommand,0,14,0,0,0,5,0,3,0,3
commandline,no.kristiania.pgr200.commandline,ConferenceCommandlineClient,0,23,0,2,0,6,0,3,0,2
