<?xml version="1.0" encoding="UTF-8" ?>
<testsuite tests="6" failures="5" name="no.kristiania.pgr200.http.HttpServerTest" time="0.06" errors="0" skipped="0">
  <properties>
[...]
</properties>
  <testcase classname="no.kristiania.pgr200.http.HttpServerTest" name="shouldReadBody" time="0.018">
    <failure message="expected:&lt;&quot;hello world&quot;&gt; but was:&lt;null&gt;" type="org.junit.ComparisonFailure">org.junit.ComparisonFailure: expected:&lt;&quot;hello world&quot;&gt; but was:&lt;null&gt;
	at java.base/jdk.internal.reflect.NativeConstructorAccessorImpl.newInstance0(Native Method)
	at java.base/jdk.internal.reflect.NativeConstructorAccessorImpl.newInstance(NativeConstructorAccessorImpl.java:62)
	at java.base/jdk.internal.reflect.DelegatingConstructorAccessorImpl.newInstance(DelegatingConstructorAccessorImpl.java:45)
	at no.kristiania.pgr200.http.HttpServerTest.shouldReadBody(HttpServerTest.java:56)
	at java.base/jdk.internal.reflect.NativeMethodAccessorImpl.invoke0(Native Method)
	at java.base/jdk.internal.reflect.NativeMethodAccessorImpl.invoke(NativeMethodAccessorImpl.java:62)
	at java.base/jdk.internal.reflect.DelegatingMethodAccessorImpl.invoke(DelegatingMethodAccessorImpl.java:43)
	at java.base/java.lang.reflect.Method.invoke(Method.java:564)
	at org.junit.runners.model.FrameworkMethod$1.runReflectiveCall(FrameworkMethod.java:50)
	at org.junit.internal.runners.model.ReflectiveCallable.run(ReflectiveCallable.java:12)
	at org.junit.runners.model.FrameworkMethod.invokeExplosively(FrameworkMethod.java:47)
	at org.junit.internal.runners.statements.InvokeMethod.evaluate(InvokeMethod.java:17)
	at org.junit.runners.ParentRunner.runLeaf(ParentRunner.java:325)
	at org.junit.runners.BlockJUnit4ClassRunner.runChild(BlockJUnit4ClassRunner.java:78)
	at org.junit.runners.BlockJUnit4ClassRunner.runChild(BlockJUnit4ClassRunner.java:57)
	at org.junit.runners.ParentRunner$3.run(ParentRunner.java:290)
	at org.junit.runners.ParentRunner$1.schedule(ParentRunner.java:71)
	at org.junit.runners.ParentRunner.runChildren(ParentRunner.java:288)
	at org.junit.runners.ParentRunner.access$000(ParentRunner.java:58)
	at org.junit.runners.ParentRunner$2.evaluate(ParentRunner.java:268)
	at org.junit.internal.runners.statements.RunBefores.evaluate(RunBefores.java:26)
	at org.junit.runners.ParentRunner.run(ParentRunner.java:363)
	at org.apache.maven.surefire.junit4.JUnit4Provider.execute(JUnit4Provider.java:252)
	at org.apache.maven.surefire.junit4.JUnit4Provider.executeTestSet(JUnit4Provider.java:141)
	at org.apache.maven.surefire.junit4.JUnit4Provider.invoke(JUnit4Provider.java:112)
	at java.base/jdk.internal.reflect.NativeMethodAccessorImpl.invoke0(Native Method)
	at java.base/jdk.internal.reflect.NativeMethodAccessorImpl.invoke(NativeMethodAccessorImpl.java:62)
	at java.base/jdk.internal.reflect.DelegatingMethodAccessorImpl.invoke(DelegatingMethodAccessorImpl.java:43)
	at java.base/java.lang.reflect.Method.invoke(Method.java:564)
	at org.apache.maven.surefire.util.ReflectionUtils.invokeMethodWithArray(ReflectionUtils.java:189)
	at org.apache.maven.surefire.booter.ProviderFactory$ProviderProxy.invoke(ProviderFactory.java:165)
	at org.apache.maven.surefire.booter.ProviderFactory.invokeProvider(ProviderFactory.java:85)
	at org.apache.maven.surefire.booter.ForkedBooter.runSuitesInProcess(ForkedBooter.java:115)
	at org.apache.maven.surefire.booter.ForkedBooter.main(ForkedBooter.java:75)
</failure>
    <system-out>null
GET /echo?body=hello+world HTTP/1.1
Connection: close
Host: localhost

null
HTTP/1.1 500 Internal Server Error

</system-out>
    <system-err>java.io.FileNotFoundException: database/src/main/resources/innlevering.properties (No such file or directory)
	at java.base/java.io.FileInputStream.open0(Native Method)
	at java.base/java.io.FileInputStream.open(FileInputStream.java:220)
	at java.base/java.io.FileInputStream.&lt;init&gt;(FileInputStream.java:158)
	at java.base/java.io.FileInputStream.&lt;init&gt;(FileInputStream.java:113)
	at no.kristiania.pgr200.database.DatabaseConnection.createDataSource(DatabaseConnection.java:21)
	at no.kristiania.pgr200.http.HttpServerTest.&lt;clinit&gt;(HttpServerTest.java:20)
	at java.base/jdk.internal.reflect.NativeMethodAccessorImpl.invoke0(Native Method)
	at java.base/jdk.internal.reflect.NativeMethodAccessorImpl.invoke(NativeMethodAccessorImpl.java:62)
	at java.base/jdk.internal.reflect.DelegatingMethodAccessorImpl.invoke(DelegatingMethodAccessorImpl.java:43)
	at java.base/java.lang.reflect.Method.invoke(Method.java:564)
	at org.junit.runners.model.FrameworkMethod$1.runReflectiveCall(FrameworkMethod.java:50)
	at org.junit.internal.runners.model.ReflectiveCallable.run(ReflectiveCallable.java:12)
	at org.junit.runners.model.FrameworkMethod.invokeExplosively(FrameworkMethod.java:47)
	at org.junit.internal.runners.statements.RunBefores.evaluate(RunBefores.java:24)
	at org.junit.runners.ParentRunner.run(ParentRunner.java:363)
	at org.apache.maven.surefire.junit4.JUnit4Provider.execute(JUnit4Provider.java:252)
	at org.apache.maven.surefire.junit4.JUnit4Provider.executeTestSet(JUnit4Provider.java:141)
	at org.apache.maven.surefire.junit4.JUnit4Provider.invoke(JUnit4Provider.java:112)
	at java.base/jdk.internal.reflect.NativeMethodAccessorImpl.invoke0(Native Method)
	at java.base/jdk.internal.reflect.NativeMethodAccessorImpl.invoke(NativeMethodAccessorImpl.java:62)
	at java.base/jdk.internal.reflect.DelegatingMethodAccessorImpl.invoke(DelegatingMethodAccessorImpl.java:43)
	at java.base/java.lang.reflect.Method.invoke(Method.java:564)
	at org.apache.maven.surefire.util.ReflectionUtils.invokeMethodWithArray(ReflectionUtils.java:189)
	at org.apache.maven.surefire.booter.ProviderFactory$ProviderProxy.invoke(ProviderFactory.java:165)
	at org.apache.maven.surefire.booter.ProviderFactory.invokeProvider(ProviderFactory.java:85)
	at org.apache.maven.surefire.booter.ForkedBooter.runSuitesInProcess(ForkedBooter.java:115)
	at org.apache.maven.surefire.booter.ForkedBooter.main(ForkedBooter.java:75)
java.io.FileNotFoundException: database/src/main/resources/innlevering.properties (No such file or directory)
	at java.base/java.io.FileInputStream.open0(Native Method)
	at java.base/java.io.FileInputStream.open(FileInputStream.java:220)
	at java.base/java.io.FileInputStream.&lt;init&gt;(FileInputStream.java:158)
	at java.base/java.io.FileInputStream.&lt;init&gt;(FileInputStream.java:113)
	at no.kristiania.pgr200.database.DatabaseConnection.createDataSource(DatabaseConnection.java:21)
	at no.kristiania.pgr200.http.server.HttpEchoServer.handleRequest(HttpEchoServer.java:71)
	at no.kristiania.pgr200.http.server.HttpEchoServer.runServerThread(HttpEchoServer.java:35)
	at java.base/java.lang.Thread.run(Thread.java:844)
java.lang.NullPointerException
	at no.kristiania.pgr200.database.dao.AbstractDao.list(AbstractDao.java:40)
	at no.kristiania.pgr200.database.dao.ConferenceTalkDao.listAll(ConferenceTalkDao.java:72)
	at no.kristiania.pgr200.http.server.HttpEchoServer.handleRequest(HttpEchoServer.java:74)
	at no.kristiania.pgr200.http.server.HttpEchoServer.runServerThread(HttpEchoServer.java:35)
	at java.base/java.lang.Thread.run(Thread.java:844)
</system-err>
  </testcase>
  <testcase classname="no.kristiania.pgr200.http.HttpServerTest" name="shouldSetStatusLine" time="0.015">
    <failure message="expected:&lt;[404]&gt; but was:&lt;[500]&gt;" type="org.junit.ComparisonFailure">org.junit.ComparisonFailure: expected:&lt;[404]&gt; but was:&lt;[500]&gt;
	at java.base/jdk.internal.reflect.NativeConstructorAccessorImpl.newInstance0(Native Method)
	at java.base/jdk.internal.reflect.NativeConstructorAccessorImpl.newInstance(NativeConstructorAccessorImpl.java:62)
	at java.base/jdk.internal.reflect.DelegatingConstructorAccessorImpl.newInstance(DelegatingConstructorAccessorImpl.java:45)
	at no.kristiania.pgr200.http.HttpServerTest.shouldSetStatusLine(HttpServerTest.java:39)
	at java.base/jdk.internal.reflect.NativeMethodAccessorImpl.invoke0(Native Method)
	at java.base/jdk.internal.reflect.NativeMethodAccessorImpl.invoke(NativeMethodAccessorImpl.java:62)
	at java.base/jdk.internal.reflect.DelegatingMethodAccessorImpl.invoke(DelegatingMethodAccessorImpl.java:43)
	at java.base/java.lang.reflect.Method.invoke(Method.java:564)
	at org.junit.runners.model.FrameworkMethod$1.runReflectiveCall(FrameworkMethod.java:50)
	at org.junit.internal.runners.model.ReflectiveCallable.run(ReflectiveCallable.java:12)
	at org.junit.runners.model.FrameworkMethod.invokeExplosively(FrameworkMethod.java:47)
	at org.junit.internal.runners.statements.InvokeMethod.evaluate(InvokeMethod.java:17)
	at org.junit.runners.ParentRunner.runLeaf(ParentRunner.java:325)
	at org.junit.runners.BlockJUnit4ClassRunner.runChild(BlockJUnit4ClassRunner.java:78)
	at org.junit.runners.BlockJUnit4ClassRunner.runChild(BlockJUnit4ClassRunner.java:57)
	at org.junit.runners.ParentRunner$3.run(ParentRunner.java:290)
	at org.junit.runners.ParentRunner$1.schedule(ParentRunner.java:71)
	at org.junit.runners.ParentRunner.runChildren(ParentRunner.java:288)
	at org.junit.runners.ParentRunner.access$000(ParentRunner.java:58)
	at org.junit.runners.ParentRunner$2.evaluate(ParentRunner.java:268)
	at org.junit.internal.runners.statements.RunBefores.evaluate(RunBefores.java:26)
	at org.junit.runners.ParentRunner.run(ParentRunner.java:363)
	at org.apache.maven.surefire.junit4.JUnit4Provider.execute(JUnit4Provider.java:252)
	at org.apache.maven.surefire.junit4.JUnit4Provider.executeTestSet(JUnit4Provider.java:141)
	at org.apache.maven.surefire.junit4.JUnit4Provider.invoke(JUnit4Provider.java:112)
	at java.base/jdk.internal.reflect.NativeMethodAccessorImpl.invoke0(Native Method)
	at java.base/jdk.internal.reflect.NativeMethodAccessorImpl.invoke(NativeMethodAccessorImpl.java:62)
	at java.base/jdk.internal.reflect.DelegatingMethodAccessorImpl.invoke(DelegatingMethodAccessorImpl.java:43)
	at java.base/java.lang.reflect.Method.invoke(Method.java:564)
	at org.apache.maven.surefire.util.ReflectionUtils.invokeMethodWithArray(ReflectionUtils.java:189)
	at org.apache.maven.surefire.booter.ProviderFactory$ProviderProxy.invoke(ProviderFactory.java:165)
	at org.apache.maven.surefire.booter.ProviderFactory.invokeProvider(ProviderFactory.java:85)
	at org.apache.maven.surefire.booter.ForkedBooter.runSuitesInProcess(ForkedBooter.java:115)
	at org.apache.maven.surefire.booter.ForkedBooter.main(ForkedBooter.java:75)
</failure>
    <system-out>GET /echo?status=404 HTTP/1.1
Connection: close
Host: localhost

null
HTTP/1.1 500 Internal Server Error

</system-out>
    <system-err>java.io.FileNotFoundException: database/src/main/resources/innlevering.properties (No such file or directory)
	at java.base/java.io.FileInputStream.open0(Native Method)
	at java.base/java.io.FileInputStream.open(FileInputStream.java:220)
	at java.base/java.io.FileInputStream.&lt;init&gt;(FileInputStream.java:158)
	at java.base/java.io.FileInputStream.&lt;init&gt;(FileInputStream.java:113)
	at no.kristiania.pgr200.database.DatabaseConnection.createDataSource(DatabaseConnection.java:21)
	at no.kristiania.pgr200.http.server.HttpEchoServer.handleRequest(HttpEchoServer.java:71)
	at no.kristiania.pgr200.http.server.HttpEchoServer.runServerThread(HttpEchoServer.java:35)
	at java.base/java.lang.Thread.run(Thread.java:844)
java.lang.NullPointerException
	at no.kristiania.pgr200.database.dao.AbstractDao.list(AbstractDao.java:40)
	at no.kristiania.pgr200.database.dao.ConferenceTalkDao.listAll(ConferenceTalkDao.java:72)
	at no.kristiania.pgr200.http.server.HttpEchoServer.handleRequest(HttpEchoServer.java:74)
	at no.kristiania.pgr200.http.server.HttpEchoServer.runServerThread(HttpEchoServer.java:35)
	at java.base/java.lang.Thread.run(Thread.java:844)
</system-err>
  </testcase>
  <testcase classname="no.kristiania.pgr200.http.HttpServerTest" name="shouldPostData" time="0.009">
    <failure message="expected:&lt;&quot;hello world&quot;&gt; but was:&lt;null&gt;" type="org.junit.ComparisonFailure">org.junit.ComparisonFailure: expected:&lt;&quot;hello world&quot;&gt; but was:&lt;null&gt;
	at java.base/jdk.internal.reflect.NativeConstructorAccessorImpl.newInstance0(Native Method)
	at java.base/jdk.internal.reflect.NativeConstructorAccessorImpl.newInstance(NativeConstructorAccessorImpl.java:62)
	at java.base/jdk.internal.reflect.DelegatingConstructorAccessorImpl.newInstance(DelegatingConstructorAccessorImpl.java:45)
	at no.kristiania.pgr200.http.HttpServerTest.shouldPostData(HttpServerTest.java:67)
	at java.base/jdk.internal.reflect.NativeMethodAccessorImpl.invoke0(Native Method)
	at java.base/jdk.internal.reflect.NativeMethodAccessorImpl.invoke(NativeMethodAccessorImpl.java:62)
	at java.base/jdk.internal.reflect.DelegatingMethodAccessorImpl.invoke(DelegatingMethodAccessorImpl.java:43)
	at java.base/java.lang.reflect.Method.invoke(Method.java:564)
	at org.junit.runners.model.FrameworkMethod$1.runReflectiveCall(FrameworkMethod.java:50)
	at org.junit.internal.runners.model.ReflectiveCallable.run(ReflectiveCallable.java:12)
	at org.junit.runners.model.FrameworkMethod.invokeExplosively(FrameworkMethod.java:47)
	at org.junit.internal.runners.statements.InvokeMethod.evaluate(InvokeMethod.java:17)
	at org.junit.runners.ParentRunner.runLeaf(ParentRunner.java:325)
	at org.junit.runners.BlockJUnit4ClassRunner.runChild(BlockJUnit4ClassRunner.java:78)
	at org.junit.runners.BlockJUnit4ClassRunner.runChild(BlockJUnit4ClassRunner.java:57)
	at org.junit.runners.ParentRunner$3.run(ParentRunner.java:290)
	at org.junit.runners.ParentRunner$1.schedule(ParentRunner.java:71)
	at org.junit.runners.ParentRunner.runChildren(ParentRunner.java:288)
	at org.junit.runners.ParentRunner.access$000(ParentRunner.java:58)
	at org.junit.runners.ParentRunner$2.evaluate(ParentRunner.java:268)
	at org.junit.internal.runners.statements.RunBefores.evaluate(RunBefores.java:26)
	at org.junit.runners.ParentRunner.run(ParentRunner.java:363)
	at org.apache.maven.surefire.junit4.JUnit4Provider.execute(JUnit4Provider.java:252)
	at org.apache.maven.surefire.junit4.JUnit4Provider.executeTestSet(JUnit4Provider.java:141)
	at org.apache.maven.surefire.junit4.JUnit4Provider.invoke(JUnit4Provider.java:112)
	at java.base/jdk.internal.reflect.NativeMethodAccessorImpl.invoke0(Native Method)
	at java.base/jdk.internal.reflect.NativeMethodAccessorImpl.invoke(NativeMethodAccessorImpl.java:62)
	at java.base/jdk.internal.reflect.DelegatingMethodAccessorImpl.invoke(DelegatingMethodAccessorImpl.java:43)
	at java.base/java.lang.reflect.Method.invoke(Method.java:564)
	at org.apache.maven.surefire.util.ReflectionUtils.invokeMethodWithArray(ReflectionUtils.java:189)
	at org.apache.maven.surefire.booter.ProviderFactory$ProviderProxy.invoke(ProviderFactory.java:165)
	at org.apache.maven.surefire.booter.ProviderFactory.invokeProvider(ProviderFactory.java:85)
	at org.apache.maven.surefire.booter.ForkedBooter.runSuitesInProcess(ForkedBooter.java:115)
	at org.apache.maven.surefire.booter.ForkedBooter.main(ForkedBooter.java:75)
</failure>
    <system-out>POST /echo HTTP/1.1
Connection: close
Content-Length: 27
Content-type: application/x-www-form-urlencoded
Host: localhost

null
HTTP/1.1 500 Internal Server Error

</system-out>
    <system-err>java.io.FileNotFoundException: database/src/main/resources/innlevering.properties (No such file or directory)
	at java.base/java.io.FileInputStream.open0(Native Method)
	at java.base/java.io.FileInputStream.open(FileInputStream.java:220)
	at java.base/java.io.FileInputStream.&lt;init&gt;(FileInputStream.java:158)
	at java.base/java.io.FileInputStream.&lt;init&gt;(FileInputStream.java:113)
	at no.kristiania.pgr200.database.DatabaseConnection.createDataSource(DatabaseConnection.java:21)
	at no.kristiania.pgr200.http.server.HttpEchoServer.handleRequest(HttpEchoServer.java:71)
	at no.kristiania.pgr200.http.server.HttpEchoServer.runServerThread(HttpEchoServer.java:35)
	at java.base/java.lang.Thread.run(Thread.java:844)
java.lang.NullPointerException
	at no.kristiania.pgr200.database.dao.AbstractDao.list(AbstractDao.java:40)
	at no.kristiania.pgr200.database.dao.ConferenceTalkDao.listAll(ConferenceTalkDao.java:72)
	at no.kristiania.pgr200.http.server.HttpEchoServer.handleRequest(HttpEchoServer.java:74)
	at no.kristiania.pgr200.http.server.HttpEchoServer.runServerThread(HttpEchoServer.java:35)
	at java.base/java.lang.Thread.run(Thread.java:844)
</system-err>
  </testcase>
  <testcase classname="no.kristiania.pgr200.http.HttpServerTest" name="shouldReturn500ForPostWithoutData" time="0.005"/>
  <testcase classname="no.kristiania.pgr200.http.HttpServerTest" name="shouldParseHeaders" time="0.008">
    <failure message="expected:&lt;&quot;http://www.google.com&quot;&gt; but was:&lt;null&gt;" type="org.junit.ComparisonFailure">org.junit.ComparisonFailure: expected:&lt;&quot;http://www.google.com&quot;&gt; but was:&lt;null&gt;
	at java.base/jdk.internal.reflect.NativeConstructorAccessorImpl.newInstance0(Native Method)
	at java.base/jdk.internal.reflect.NativeConstructorAccessorImpl.newInstance(NativeConstructorAccessorImpl.java:62)
	at java.base/jdk.internal.reflect.DelegatingConstructorAccessorImpl.newInstance(DelegatingConstructorAccessorImpl.java:45)
	at no.kristiania.pgr200.http.HttpServerTest.shouldParseHeaders(HttpServerTest.java:48)
	at java.base/jdk.internal.reflect.NativeMethodAccessorImpl.invoke0(Native Method)
	at java.base/jdk.internal.reflect.NativeMethodAccessorImpl.invoke(NativeMethodAccessorImpl.java:62)
	at java.base/jdk.internal.reflect.DelegatingMethodAccessorImpl.invoke(DelegatingMethodAccessorImpl.java:43)
	at java.base/java.lang.reflect.Method.invoke(Method.java:564)
	at org.junit.runners.model.FrameworkMethod$1.runReflectiveCall(FrameworkMethod.java:50)
	at org.junit.internal.runners.model.ReflectiveCallable.run(ReflectiveCallable.java:12)
	at org.junit.runners.model.FrameworkMethod.invokeExplosively(FrameworkMethod.java:47)
	at org.junit.internal.runners.statements.InvokeMethod.evaluate(InvokeMethod.java:17)
	at org.junit.runners.ParentRunner.runLeaf(ParentRunner.java:325)
	at org.junit.runners.BlockJUnit4ClassRunner.runChild(BlockJUnit4ClassRunner.java:78)
	at org.junit.runners.BlockJUnit4ClassRunner.runChild(BlockJUnit4ClassRunner.java:57)
	at org.junit.runners.ParentRunner$3.run(ParentRunner.java:290)
	at org.junit.runners.ParentRunner$1.schedule(ParentRunner.java:71)
	at org.junit.runners.ParentRunner.runChildren(ParentRunner.java:288)
	at org.junit.runners.ParentRunner.access$000(ParentRunner.java:58)
	at org.junit.runners.ParentRunner$2.evaluate(ParentRunner.java:268)
	at org.junit.internal.runners.statements.RunBefores.evaluate(RunBefores.java:26)
	at org.junit.runners.ParentRunner.run(ParentRunner.java:363)
	at org.apache.maven.surefire.junit4.JUnit4Provider.execute(JUnit4Provider.java:252)
	at org.apache.maven.surefire.junit4.JUnit4Provider.executeTestSet(JUnit4Provider.java:141)
	at org.apache.maven.surefire.junit4.JUnit4Provider.invoke(JUnit4Provider.java:112)
	at java.base/jdk.internal.reflect.NativeMethodAccessorImpl.invoke0(Native Method)
	at java.base/jdk.internal.reflect.NativeMethodAccessorImpl.invoke(NativeMethodAccessorImpl.java:62)
	at java.base/jdk.internal.reflect.DelegatingMethodAccessorImpl.invoke(DelegatingMethodAccessorImpl.java:43)
	at java.base/java.lang.reflect.Method.invoke(Method.java:564)
	at org.apache.maven.surefire.util.ReflectionUtils.invokeMethodWithArray(ReflectionUtils.java:189)
	at org.apache.maven.surefire.booter.ProviderFactory$ProviderProxy.invoke(ProviderFactory.java:165)
	at org.apache.maven.surefire.booter.ProviderFactory.invokeProvider(ProviderFactory.java:85)
	at org.apache.maven.surefire.booter.ForkedBooter.runSuitesInProcess(ForkedBooter.java:115)
	at org.apache.maven.surefire.booter.ForkedBooter.main(ForkedBooter.java:75)
</failure>
    <system-out>GET /echo?Location=http%3A%2F%2Fwww.google.com HTTP/1.1
Connection: close
Host: localhost

null
HTTP/1.1 500 Internal Server Error

</system-out>
    <system-err>java.io.FileNotFoundException: database/src/main/resources/innlevering.properties (No such file or directory)
	at java.base/java.io.FileInputStream.open0(Native Method)
	at java.base/java.io.FileInputStream.open(FileInputStream.java:220)
	at java.base/java.io.FileInputStream.&lt;init&gt;(FileInputStream.java:158)
	at java.base/java.io.FileInputStream.&lt;init&gt;(FileInputStream.java:113)
	at no.kristiania.pgr200.database.DatabaseConnection.createDataSource(DatabaseConnection.java:21)
	at no.kristiania.pgr200.http.server.HttpEchoServer.handleRequest(HttpEchoServer.java:71)
	at no.kristiania.pgr200.http.server.HttpEchoServer.runServerThread(HttpEchoServer.java:35)
	at java.base/java.lang.Thread.run(Thread.java:844)
java.lang.NullPointerException
	at no.kristiania.pgr200.database.dao.AbstractDao.list(AbstractDao.java:40)
	at no.kristiania.pgr200.database.dao.ConferenceTalkDao.listAll(ConferenceTalkDao.java:72)
	at no.kristiania.pgr200.http.server.HttpEchoServer.handleRequest(HttpEchoServer.java:74)
	at no.kristiania.pgr200.http.server.HttpEchoServer.runServerThread(HttpEchoServer.java:35)
	at java.base/java.lang.Thread.run(Thread.java:844)
</system-err>
  </testcase>
  <testcase classname="no.kristiania.pgr200.http.HttpServerTest" name="shouldExecuteHttpRequest" time="0.005">
    <failure message="expected:&lt;[2]00&gt; but was:&lt;[5]00&gt;" type="org.junit.ComparisonFailure">org.junit.ComparisonFailure: expected:&lt;[2]00&gt; but was:&lt;[5]00&gt;
	at java.base/jdk.internal.reflect.NativeConstructorAccessorImpl.newInstance0(Native Method)
	at java.base/jdk.internal.reflect.NativeConstructorAccessorImpl.newInstance(NativeConstructorAccessorImpl.java:62)
	at java.base/jdk.internal.reflect.DelegatingConstructorAccessorImpl.newInstance(DelegatingConstructorAccessorImpl.java:45)
	at no.kristiania.pgr200.http.HttpServerTest.shouldExecuteHttpRequest(HttpServerTest.java:32)
	at java.base/jdk.internal.reflect.NativeMethodAccessorImpl.invoke0(Native Method)
	at java.base/jdk.internal.reflect.NativeMethodAccessorImpl.invoke(NativeMethodAccessorImpl.java:62)
	at java.base/jdk.internal.reflect.DelegatingMethodAccessorImpl.invoke(DelegatingMethodAccessorImpl.java:43)
	at java.base/java.lang.reflect.Method.invoke(Method.java:564)
	at org.junit.runners.model.FrameworkMethod$1.runReflectiveCall(FrameworkMethod.java:50)
	at org.junit.internal.runners.model.ReflectiveCallable.run(ReflectiveCallable.java:12)
	at org.junit.runners.model.FrameworkMethod.invokeExplosively(FrameworkMethod.java:47)
	at org.junit.internal.runners.statements.InvokeMethod.evaluate(InvokeMethod.java:17)
	at org.junit.runners.ParentRunner.runLeaf(ParentRunner.java:325)
	at org.junit.runners.BlockJUnit4ClassRunner.runChild(BlockJUnit4ClassRunner.java:78)
	at org.junit.runners.BlockJUnit4ClassRunner.runChild(BlockJUnit4ClassRunner.java:57)
	at org.junit.runners.ParentRunner$3.run(ParentRunner.java:290)
	at org.junit.runners.ParentRunner$1.schedule(ParentRunner.java:71)
	at org.junit.runners.ParentRunner.runChildren(ParentRunner.java:288)
	at org.junit.runners.ParentRunner.access$000(ParentRunner.java:58)
	at org.junit.runners.ParentRunner$2.evaluate(ParentRunner.java:268)
	at org.junit.internal.runners.statements.RunBefores.evaluate(RunBefores.java:26)
	at org.junit.runners.ParentRunner.run(ParentRunner.java:363)
	at org.apache.maven.surefire.junit4.JUnit4Provider.execute(JUnit4Provider.java:252)
	at org.apache.maven.surefire.junit4.JUnit4Provider.executeTestSet(JUnit4Provider.java:141)
	at org.apache.maven.surefire.junit4.JUnit4Provider.invoke(JUnit4Provider.java:112)
	at java.base/jdk.internal.reflect.NativeMethodAccessorImpl.invoke0(Native Method)
	at java.base/jdk.internal.reflect.NativeMethodAccessorImpl.invoke(NativeMethodAccessorImpl.java:62)
	at java.base/jdk.internal.reflect.DelegatingMethodAccessorImpl.invoke(DelegatingMethodAccessorImpl.java:43)
	at java.base/java.lang.reflect.Method.invoke(Method.java:564)
	at org.apache.maven.surefire.util.ReflectionUtils.invokeMethodWithArray(ReflectionUtils.java:189)
	at org.apache.maven.surefire.booter.ProviderFactory$ProviderProxy.invoke(ProviderFactory.java:165)
	at org.apache.maven.surefire.booter.ProviderFactory.invokeProvider(ProviderFactory.java:85)
	at org.apache.maven.surefire.booter.ForkedBooter.runSuitesInProcess(ForkedBooter.java:115)
	at org.apache.maven.surefire.booter.ForkedBooter.main(ForkedBooter.java:75)
</failure>
    <system-out>GET /echo HTTP/1.1
Connection: close
Host: localhost

null
HTTP/1.1 500 Internal Server Error

</system-out>
    <system-err>java.io.FileNotFoundException: database/src/main/resources/innlevering.properties (No such file or directory)
	at java.base/java.io.FileInputStream.open0(Native Method)
	at java.base/java.io.FileInputStream.open(FileInputStream.java:220)
	at java.base/java.io.FileInputStream.&lt;init&gt;(FileInputStream.java:158)
	at java.base/java.io.FileInputStream.&lt;init&gt;(FileInputStream.java:113)
	at no.kristiania.pgr200.database.DatabaseConnection.createDataSource(DatabaseConnection.java:21)
	at no.kristiania.pgr200.http.server.HttpEchoServer.handleRequest(HttpEchoServer.java:71)
	at no.kristiania.pgr200.http.server.HttpEchoServer.runServerThread(HttpEchoServer.java:35)
	at java.base/java.lang.Thread.run(Thread.java:844)
java.lang.NullPointerException
	at no.kristiania.pgr200.database.dao.AbstractDao.list(AbstractDao.java:40)
	at no.kristiania.pgr200.database.dao.ConferenceTalkDao.listAll(ConferenceTalkDao.java:72)
	at no.kristiania.pgr200.http.server.HttpEchoServer.handleRequest(HttpEchoServer.java:74)
	at no.kristiania.pgr200.http.server.HttpEchoServer.runServerThread(HttpEchoServer.java:35)
	at java.base/java.lang.Thread.run(Thread.java:844)
</system-err>
  </testcase>
</testsuite>